Transform Size = 524288
No P-1 checkpoints found → running Stage 1 (runPM1Marin)
[Backend Marin] Start a P-1 factoring stage 1 up to B1=5641000 (EXTEND mode)
Extending PM1 from B1=5630518 to B1=5641000 using state from resume_p9999901_B1_5630518.p95
[Backend Marin] Start a P-1 factoring stage 1 up to B1=5641000
MAX_E_BITS = 268435456 bits (≈ 32 MiB)
Running on device 'NVIDIA GeForce RTX 4060 Laptop GPU', vendor 'NVIDIA Corporation', version 'OpenCL 3.0 CUDA', driver '576.52'.
24 Compute Units @ 1890 MHz, local memory size = 48 kB, max work-group size = 1024.

Extending PM1 exponent: E_diff has 15071 bits
Progress: 0.00% | Chunk 1/1 0.00% | Exp: 9999901 | Iter: 0 | ChIter: 0 | Elapsed: 41.08s | IPS: 0.00 | ETA: 0d 0h 0m 0s
[Gerbicz Li] Start a Gerbicz Li check....
[Gerbicz Li] Check passed
[Gerbicz Li] Start a Gerbicz Li check....
[Gerbicz Li] Check passed
Progress: 100.00% | Chunk 1/1 100.00% | Exp: 9999901 | Iter: 15071 | ChIter: 1 | Elapsed: 45.41s | IPS: 0.00 | ETA: 0d 0h 0m 0s

Extension exponentiation done.
Constructing and reducing large integer . done.
GMP-ECM resume file written to: resume_p9999901_B1_5641000.save
Prime95 S1 file written to: resume_p9999901_B1_5641000.p95
Computing GCD (this may take a while) ...... done.

No P-1 (stage 1) factor up to B1=5641000

Manual submission JSON:
{"status":"NF","exponent":9999901,"worktype":"PM1","b1":5641000,"errors":{"gerbicz":0},"fft-length":524288,"program":{"name":"prmers","version":"4.15.63-alpha","port":4},"os":{"os":"Windows","architecture":"x86_64"},"timestamp":"2025-12-24 02:50:15","checksum":{"version":1,"checksum":"EEEF5D0F"}}
JSON result written to: ./9999901_pm1_stage1_ext_result.json
Result appended to: ./results.txt
